<?xml version="1.0" encoding="UTF-8"?>
<!-- Generated by org.testng.reporters.JUnitReportReporter -->
<testsuite skipped="0" hostname="FaisalKhatri" name="com.testtech.jsonfilereader.unittests.JsonFileDataProviderTest" tests="2" failures="0" timestamp="18 Aug 2018 12:03:37 GMT" time="0.047" errors="0">
  <testcase name="publisherOnboardingTest" time="0.032" classname="com.testtech.jsonfilereader.unittests.JsonFileDataProviderTest"/>
  <testcase name="publisherOnboardingTest" time="0.015" classname="com.testtech.jsonfilereader.unittests.JsonFileDataProviderTest"/>
</testsuite> <!-- com.testtech.jsonfilereader.unittests.JsonFileDataProviderTest -->
