<?xml version="1.0" encoding="UTF-8"?>
<!-- Generated by org.testng.reporters.JUnitReportReporter -->
<testsuite skipped="0" hostname="FaisalKhatri" name="com.testtech.jsonfilereader.unittests.JsonFileDataProviderTest" tests="2" failures="0" timestamp="24 Jun 2018 15:59:18 GMT" time="0.017" errors="0">
  <testcase name="publisherOnboardingTest" time="0.014" classname="com.testtech.jsonfilereader.unittests.JsonFileDataProviderTest"/>
  <testcase name="publisherOnboardingTest" time="0.003" classname="com.testtech.jsonfilereader.unittests.JsonFileDataProviderTest"/>
</testsuite> <!-- com.testtech.jsonfilereader.unittests.JsonFileDataProviderTest -->
