<?xml version="1.0" encoding="UTF-8"?>
<!-- Generated by org.testng.reporters.JUnitReportReporter -->
<testsuite skipped="0" hostname="FaisalKhatri" name="com.testtech.jsonfilereader.unittests.ProductMasterTests" tests="1" failures="0" timestamp="18 Aug 2018 12:05:44 GMT" time="0.039" errors="0">
  <testcase name="addProduct" time="0.039" classname="com.testtech.jsonfilereader.unittests.ProductMasterTests"/>
</testsuite> <!-- com.testtech.jsonfilereader.unittests.ProductMasterTests -->
