<?xml version="1.0" encoding="UTF-8"?>
<!-- Generated by org.testng.reporters.JUnitReportReporter -->
<testsuite skipped="0" hostname="FaisalKhatri" name="com.testtech.jsonfilereader.unittests.JsonFileDataProviderTest" tests="2" failures="0" timestamp="07 Jul 2018 16:36:29 GMT" time="0.000" errors="0">
  <testcase name="publisherOnboardingTest" time="0.000" classname="com.testtech.jsonfilereader.unittests.JsonFileDataProviderTest"/>
  <testcase name="publisherOnboardingTest" time="0.000" classname="com.testtech.jsonfilereader.unittests.JsonFileDataProviderTest"/>
</testsuite> <!-- com.testtech.jsonfilereader.unittests.JsonFileDataProviderTest -->
